c:\users\txh\desktop\qtpastepic\qtpastepic\x64\debug\painarea.obj
c:\users\txh\desktop\qtpastepic\qtpastepic\x64\debug\qrc_qtpastepic.obj
c:\users\txh\desktop\qtpastepic\qtpastepic\x64\debug\widget.obj
c:\users\txh\desktop\qtpastepic\qtpastepic\x64\debug\qtpastepic.obj
c:\users\txh\desktop\qtpastepic\qtpastepic\x64\debug\pastepic.obj
c:\users\txh\desktop\qtpastepic\qtpastepic\x64\debug\moc_imageviewer.obj
c:\users\txh\desktop\qtpastepic\qtpastepic\x64\debug\moc_qtpastepic.obj
c:\users\txh\desktop\qtpastepic\qtpastepic\x64\debug\moc_painarea.obj
c:\users\txh\desktop\qtpastepic\qtpastepic\x64\debug\main.obj
c:\users\txh\desktop\qtpastepic\qtpastepic\x64\debug\imageviewer.obj
c:\users\txh\desktop\qtpastepic\qtpastepic\x64\debug\vc141.pdb
c:\users\txh\desktop\qtpastepic\x64\debug\qtpastepic.exe
c:\users\txh\desktop\qtpastepic\x64\debug\qtpastepic.ilk
c:\users\txh\desktop\qtpastepic\x64\debug\qtpastepic.pdb
c:\users\txh\desktop\qtpastepic\qtpastepic\.\generatedfiles\debug\moc_qtpastepic.cpp
c:\users\txh\desktop\qtpastepic\qtpastepic\.\generatedfiles\debug\moc_painarea.cpp
c:\users\txh\desktop\qtpastepic\qtpastepic\.\generatedfiles\debug\moc_imageviewer.cpp
c:\users\txh\desktop\qtpastepic\qtpastepic\generatedfiles\debug\moc_qtpastepic.cpp
c:\users\txh\desktop\qtpastepic\qtpastepic\generatedfiles\debug\moc_painarea.cpp
c:\users\txh\desktop\qtpastepic\qtpastepic\generatedfiles\debug\moc_imageviewer.cpp
c:\users\txh\desktop\qtpastepic\qtpastepic\generatedfiles\qrc_qtpastepic.cpp
c:\users\txh\desktop\qtpastepic\qtpastepic\generatedfiles\ui_imageviewer.h
c:\users\txh\desktop\qtpastepic\qtpastepic\generatedfiles\ui_qtpastepic.h
c:\users\txh\desktop\qtpastepic\qtpastepic\.\generatedfiles\qrc_qtpastepic.cpp
c:\users\txh\desktop\qtpastepic\qtpastepic\.\generatedfiles\ui_imageviewer.h
c:\users\txh\desktop\qtpastepic\qtpastepic\.\generatedfiles\ui_qtpastepic.h
c:\users\txh\desktop\qtpastepic\qtpastepic\x64\debug\qtpastepic.tlog\cl.command.1.tlog
c:\users\txh\desktop\qtpastepic\qtpastepic\x64\debug\qtpastepic.tlog\cl.read.1.tlog
c:\users\txh\desktop\qtpastepic\qtpastepic\x64\debug\qtpastepic.tlog\cl.write.1.tlog
c:\users\txh\desktop\qtpastepic\qtpastepic\x64\debug\qtpastepic.tlog\link.command.1.tlog
c:\users\txh\desktop\qtpastepic\qtpastepic\x64\debug\qtpastepic.tlog\link.read.1.tlog
c:\users\txh\desktop\qtpastepic\qtpastepic\x64\debug\qtpastepic.tlog\link.write.1.tlog
c:\users\txh\desktop\qtpastepic\qtpastepic\x64\debug\qtpastepic.tlog\qtmoc.read.1u.tlog
c:\users\txh\desktop\qtpastepic\qtpastepic\x64\debug\qtpastepic.tlog\qtmoc.write.1u.tlog
c:\users\txh\desktop\qtpastepic\qtpastepic\x64\debug\qtpastepic.tlog\qtpastepic.write.1u.tlog
c:\users\txh\desktop\qtpastepic\qtpastepic\x64\debug\qtpastepic.tlog\qtrcc.read.1u.tlog
c:\users\txh\desktop\qtpastepic\qtpastepic\x64\debug\qtpastepic.tlog\qtrcc.write.1u.tlog
c:\users\txh\desktop\qtpastepic\qtpastepic\x64\debug\qtpastepic.tlog\qtuic.read.1u.tlog
c:\users\txh\desktop\qtpastepic\qtpastepic\x64\debug\qtpastepic.tlog\qtuic.write.1u.tlog
